# JRE version: OpenJDK Runtime Environment (8.0_242-b01) (build 1.8.0_242-release-1644-b01)
# Java VM: OpenJDK 64-Bit Server VM (25.242-b01 mixed mode windows-amd64 compressed oops)
Heap:
 PSYoungGen      total 221184K, used 82442K [0x00000000e0000000, 0x00000000f1500000, 0x0000000100000000)
  eden space 208896K, 39% used [0x00000000e0000000,0x00000000e5082a08,0x00000000ecc00000)
  from space 12288K, 0% used [0x00000000ecc00000,0x00000000ecc00000,0x00000000ed800000)
  to   space 37376K, 0% used [0x00000000ef080000,0x00000000ef080000,0x00000000f1500000)
 ParOldGen       total 214528K, used 43534K [0x00000000a0000000, 0x00000000ad180000, 0x00000000e0000000)
  object space 214528K, 20% used [0x00000000a0000000,0x00000000a2a83bf0,0x00000000ad180000)
 Metaspace       used 94671K, capacity 98370K, committed 100096K, reserved 1136640K
  class space    used 12425K, capacity 13139K, committed 13568K, reserved 1048576K
GC Heap History (10 events):
Event: 5960.304 GC heap before
{Heap before GC invocations=25 (full 4):
 PSYoungGen      total 230912K, used 75909K [0x00000000e0000000, 0x00000000f1e00000, 0x0000000100000000)
  eden space 190464K, 35% used [0x00000000e0000000,0x00000000e4293598,0x00000000eba00000)
  from space 40448K, 19% used [0x00000000ee100000,0x00000000ee88e0f0,0x00000000f0880000)
  to   space 39936K, 0% used [0x00000000eba00000,0x00000000eba00000,0x00000000ee100000)
 ParOldGen       total 214528K, used 56798K [0x00000000a0000000, 0x00000000ad180000, 0x00000000e0000000)
  object space 214528K, 26% used [0x00000000a0000000,0x00000000a3777aa0,0x00000000ad180000)
 Metaspace       used 94390K, capacity 98632K, committed 99392K, reserved 1134592K
  class space    used 12528K, capacity 13362K, committed 13568K, reserved 1048576K
Event: 5960.416 GC heap after
Heap after GC invocations=25 (full 4):
 PSYoungGen      total 230400K, used 1552K [0x00000000e0000000, 0x00000000f1f00000, 0x0000000100000000)
  eden space 190464K, 0% used [0x00000000e0000000,0x00000000e0000000,0x00000000eba00000)
  from space 39936K, 3% used [0x00000000eba00000,0x00000000ebb84010,0x00000000ee100000)
  to   space 40448K, 0% used [0x00000000ef780000,0x00000000ef780000,0x00000000f1f00000)
 ParOldGen       total 214528K, used 56806K [0x00000000a0000000, 0x00000000ad180000, 0x00000000e0000000)
  object space 214528K, 26% used [0x00000000a0000000,0x00000000a3779aa0,0x00000000ad180000)
 Metaspace       used 94390K, capacity 98632K, committed 99392K, reserved 1134592K
  class space    used 12528K, capacity 13362K, committed 13568K, reserved 1048576K
}
Event: 5960.416 GC heap before
{Heap before GC invocations=26 (full 5):
 PSYoungGen      total 230400K, used 1552K [0x00000000e0000000, 0x00000000f1f00000, 0x0000000100000000)
  eden space 190464K, 0% used [0x00000000e0000000,0x00000000e0000000,0x00000000eba00000)
  from space 39936K, 3% used [0x00000000eba00000,0x00000000ebb84010,0x00000000ee100000)
  to   space 40448K, 0% used [0x00000000ef780000,0x00000000ef780000,0x00000000f1f00000)
 ParOldGen       total 214528K, used 56806K [0x00000000a0000000, 0x00000000ad180000, 0x00000000e0000000)
  object space 214528K, 26% used [0x00000000a0000000,0x00000000a3779aa0,0x00000000ad180000)
 Metaspace       used 94390K, capacity 98632K, committed 99392K, reserved 1134592K
  class space    used 12528K, capacity 13362K, committed 13568K, reserved 1048576K
Event: 5961.619 GC heap after
Heap after GC invocations=26 (full 5):
 PSYoungGen      total 230400K, used 0K [0x00000000e0000000, 0x00000000f1f00000, 0x0000000100000000)
  eden space 190464K, 0% used [0x00000000e0000000,0x00000000e0000000,0x00000000eba00000)
  from space 39936K, 0% used [0x00000000eba00000,0x00000000eba00000,0x00000000ee100000)
  to   space 40448K, 0% used [0x00000000ef780000,0x00000000ef780000,0x00000000f1f00000)
 ParOldGen       total 214528K, used 35723K [0x00000000a0000000, 0x00000000ad180000, 0x00000000e0000000)
  object space 214528K, 16% used [0x00000000a0000000,0x00000000a22e2dc8,0x00000000ad180000)
 Metaspace       used 92799K, capacity 95996K, committed 99392K, reserved 1134592K
  class space    used 12238K, capacity 12856K, committed 13568K, reserved 1048576K
}
Event: 9201.070 GC heap before
{Heap before GC invocations=27 (full 5):
 PSYoungGen      total 230400K, used 190464K [0x00000000e0000000, 0x00000000f1f00000, 0x0000000100000000)
  eden space 190464K, 100% used [0x00000000e0000000,0x00000000eba00000,0x00000000eba00000)
  from space 39936K, 0% used [0x00000000eba00000,0x00000000eba00000,0x00000000ee100000)
  to   space 40448K, 0% used [0x00000000ef780000,0x00000000ef780000,0x00000000f1f00000)
 ParOldGen       total 214528K, used 35723K [0x00000000a0000000, 0x00000000ad180000, 0x00000000e0000000)
  object space 214528K, 16% used [0x00000000a0000000,0x00000000a22e2dc8,0x00000000ad180000)
 Metaspace       used 94101K, capacity 97746K, committed 99584K, reserved 1134592K
  class space    used 12412K, capacity 13121K, committed 13568K, reserved 1048576K
Event: 9201.222 GC heap after
Heap after GC invocations=27 (full 5):
 PSYoungGen      total 243200K, used 7226K [0x00000000e0000000, 0x00000000f1900000, 0x0000000100000000)
  eden space 208896K, 0% used [0x00000000e0000000,0x00000000e0000000,0x00000000ecc00000)
  from space 34304K, 21% used [0x00000000ef780000,0x00000000efe8e9c0,0x00000000f1900000)
  to   space 39424K, 0% used [0x00000000ecc00000,0x00000000ecc00000,0x00000000ef280000)
 ParOldGen       total 214528K, used 35731K [0x00000000a0000000, 0x00000000ad180000, 0x00000000e0000000)
  object space 214528K, 16% used [0x00000000a0000000,0x00000000a22e4dc8,0x00000000ad180000)
 Metaspace       used 94101K, capacity 97746K, committed 99584K, reserved 1134592K
  class space    used 12412K, capacity 13121K, committed 13568K, reserved 1048576K
}
Event: 15159.476 GC heap before
{Heap before GC invocations=28 (full 5):
 PSYoungGen      total 243200K, used 124390K [0x00000000e0000000, 0x00000000f1900000, 0x0000000100000000)
  eden space 208896K, 56% used [0x00000000e0000000,0x00000000e726ae78,0x00000000ecc00000)
  from space 34304K, 21% used [0x00000000ef780000,0x00000000efe8e9c0,0x00000000f1900000)
  to   space 39424K, 0% used [0x00000000ecc00000,0x00000000ecc00000,0x00000000ef280000)
 ParOldGen       total 214528K, used 35731K [0x00000000a0000000, 0x00000000ad180000, 0x00000000e0000000)
  object space 214528K, 16% used [0x00000000a0000000,0x00000000a22e4dc8,0x00000000ad180000)
 Metaspace       used 94394K, capacity 98246K, committed 99840K, reserved 1136640K
  class space    used 12451K, capacity 13193K, committed 13568K, reserved 1048576K
Event: 15159.591 GC heap after
Heap after GC invocations=28 (full 5):
 PSYoungGen      total 221184K, used 12096K [0x00000000e0000000, 0x00000000f1500000, 0x0000000100000000)
  eden space 208896K, 0% used [0x00000000e0000000,0x00000000e0000000,0x00000000ecc00000)
  from space 12288K, 98% used [0x00000000ecc00000,0x00000000ed7d00b0,0x00000000ed800000)
  to   space 37376K, 0% used [0x00000000ef080000,0x00000000ef080000,0x00000000f1500000)
 ParOldGen       total 214528K, used 35739K [0x00000000a0000000, 0x00000000ad180000, 0x00000000e0000000)
  object space 214528K, 16% used [0x00000000a0000000,0x00000000a22e6dc8,0x00000000ad180000)
 Metaspace       used 94394K, capacity 98246K, committed 99840K, reserved 1136640K
  class space    used 12451K, capacity 13193K, committed 13568K, reserved 1048576K
}
Event: 15159.591 GC heap before
{Heap before GC invocations=29 (full 6):
 PSYoungGen      total 221184K, used 12096K [0x00000000e0000000, 0x00000000f1500000, 0x0000000100000000)
  eden space 208896K, 0% used [0x00000000e0000000,0x00000000e0000000,0x00000000ecc00000)
  from space 12288K, 98% used [0x00000000ecc00000,0x00000000ed7d00b0,0x00000000ed800000)
  to   space 37376K, 0% used [0x00000000ef080000,0x00000000ef080000,0x00000000f1500000)
 ParOldGen       total 214528K, used 35739K [0x00000000a0000000, 0x00000000ad180000, 0x00000000e0000000)
  object space 214528K, 16% used [0x00000000a0000000,0x00000000a22e6dc8,0x00000000ad180000)
 Metaspace       used 94394K, capacity 98246K, committed 99840K, reserved 1136640K
  class space    used 12451K, capacity 13193K, committed 13568K, reserved 1048576K
Event: 15160.665 GC heap after
Heap after GC invocations=29 (full 6):
 PSYoungGen      total 221184K, used 0K [0x00000000e0000000, 0x00000000f1500000, 0x0000000100000000)
  eden space 208896K, 0% used [0x00000000e0000000,0x00000000e0000000,0x00000000ecc00000)
  from space 12288K, 0% used [0x00000000ecc00000,0x00000000ecc00000,0x00000000ed800000)
  to   space 37376K, 0% used [0x00000000ef080000,0x00000000ef080000,0x00000000f1500000)
 ParOldGen       total 214528K, used 43534K [0x00000000a0000000, 0x00000000ad180000, 0x00000000e0000000)
  object space 214528K, 20% used [0x00000000a0000000,0x00000000a2a83bf0,0x00000000ad180000)
 Metaspace       used 93965K, capacity 97480K, committed 99840K, reserved 1136640K
  class space    used 12378K, capacity 13058K, committed 13568K, reserved 1048576K
}

